This is TeX, Version 3.14159265 (TeX Live 2015/Debian) (preloaded format=tex 2018.1.2)  17 JAN 2018 21:27
**vol5II.tex
(./vol5II.tex (./volwp.aux (./fremtex.tex
\scaleup=\count26
\scaledown=\count27
\oldcopyrightdate=\count28
\newcopyrightdate=\count29
 (./amstex.tex

AmS-TeX- Version 2.2

Loading definitions for misc utility macros, page layout, accents/punctuation,
line and page breaks, figures, comments, math spacing, fractions,
smash commands, large operator symbols, integrals, operator names,
multilevel sub/superscripts, matrices, multiline displays,
continued fractions, compound symbols, various kinds of dots,
special superscripts, \text, math font commands, \newsymbol,
bold Greek and bold symbols, Euler fonts, math accents, roots,
commutative diagrams, poor man's bold, syntax check, ... finished)
(./amsppt.sty version 2.2 (2001/08/07): Loading utility definitions,
more fonts, page dimension settings, top matter, section heads,
theorems/proofs/definitions/remarks, rosters, footnotes, figures and captions,
miscellaneous, references, end of document, output routine,
\copyins=\insert252

hyphenation exceptions (U.S. English) (./amsppt.sti symbol names (./amssym.tex)
,)

)) (./mt.tex
Extract from MEASURE THEORY, by D.H.Fremlin, University of Essex, Colchester. T
his material is copyright. It is issued under the terms of the Design Science L
icense as published in http://dsl.org/copyleft/dsl.txt. This is a development v
ersion and the source files are not permanently archived. For further informati
on contact fremdh@essex.ac.uk
) (./psfig.sty
psfig/tex 1.10-dvips
)) (./mt50II.tex
Version of 16.3.08
(./mtlogo.tex
importing diagram tflogo2.ps at height 32pt with psfig
psfig: searching tflogo2.ps for bounding box
psfig: including tflogo2.ps 
) [1.12] [2.12] (./mtlogo.tex
importing diagram tflogo2.ps at height 53pt with psfig
psfig: searching tflogo2.ps for bounding box
psfig: including tflogo2.ps 
) [3.12] [4.12] (./mt05II.tex [5.12]) [6.12]) (./mt54.tex
Version of 23.10.14
) (./mt541.tex
Version of 10.12.12
541A Definition
541B Proposition
[7.12]
541C Proposition
541D Lemma
[8.12]
541E Corollary
541F Lemma
[9.12]
541G Definition
541H Proposition
541I Lemma
[10.12]
541J Theorem
541K Lemma
[11.12]
541L Theorem
541M Definition (a)
[12.12]
541N Theorem
541O Lemma
541P Theorem
[13.12]
541Q Theorem
[14.12]
541R Corollary
541S Lemma
541X Basic exercises (a)
[15.12]
541Y Further exercises (a)
541 Notes and comments
[16.12] [17.12]) (./mt542.tex
Version of 8.7.13
542A Definition
542B Proposition
542C Proposition
542D Proposition
[18.12]
542E Theorem
[19.12]
542F Corollary
542G Corollary
542H Lemma
[20.12]
542I Theorem
[21.12]
542J Corollary
542X Basic exercises (a)
542Y Further exercises (a)
[22.12]
542 Notes and comments
) (./mt543.tex
Version of 11.11.13
543A Definitions (a)
543B 
[23.12]
543C Theorem
[24.12]
543D Corollary
[25.12]
543E The Gitik-Shelah theorem
[26.12] [27.12]
543F Theorem
543G Corollary
543H Corollary
[28.12]
543I Corollary
543J Proposition
543K Proposition
543L Proposition
543X Basic exercises (a)
[29.12]
543Y Further exercises (a)
543Z Problems
543 Notes and comments
) (./mt544.tex
Version of 31.12.13
544A Notation
544B Proposition
[30.12]
544C Theorem
[31.12]
544D Corollary
544E Theorem
[32.12]
544F Theorem
[33.12]
544G Proposition
[34.12]
544H Corollary
544I 
[35.12]
544J Proposition
[36.12]
544K Proposition
[37.12]
544L Corollary
544M Theorem
[38.12]
544N Cicho{\accent 19 n}'s diagram and other cardinals (a)
544X Basic exercises (a)
[39.12]
544Y Further exercises (a)
544Z Problems (a)
544 Notes and comments
[40.12]) (./mt545.tex
Version of 10.2.14
545A Theorem
[41.12]
545B Definition
545C Proposition
545D Definition
545E Proposition
545F Proposition
545G Corollary
[42.12]
545X Basic exercises (a)
545Y Further exercises (a)
545 Notes and comments
) (./mt546.tex
Version of 10.5.14
546A (a) Definition
546B Lemma
[43.12]
546C 
[44.12]
546D 
[45.12]
546E 
546F Corollary
[46.12]
546G The Gitik-Shelah theorem for Cohen {algebras}
[47.12] [48.12]
546H 
546I Corollary
546J 
[49.12]
546K Lemma
[50.12]
546L 
[51.12] [52.12] [53.12] [54.12]
546M Theorem
546N Lemma
[55.12]
546O Lemma
[56.12] [57.12]
546P Theorem
546Q Corollary
[58.12]
546X Basic exercises (a)
546Y Further exercises (a)
546Z Problems (a)
546 Notes and comments
) (./mt547.tex
Version of 26.8.14
[59.12]
547A Lemma
547B Lemma
[60.12] [61.12]
547C Lemma
547D Lemma
[62.12]
547E Lemma
547F Theorem
[63.12]
547G Corollary
547H 
[64.12] [65.12]
547I Proposition
547J Corollary
547X Basic exercises (a)
[66.12]
547Z Problems (a)
547 Notes and comments
) [67.12] (./mt55.tex
Version of 7.1.15
) (./mt551.tex
Version of 2.12.13
551A Definition (a)
[68.12]
551B Definition
551C Definition
[69.12]
551D Definition
551E Proposition
[70.12] [71.12]
551F Proposition
[72.12] [73.12]
551G 
[74.12]
551H Examples
551I Theorem
551J Corollary
[75.12]
551K 
[76.12]
551L Remark
551M 
551N Proposition
[77.12] [78.12]
551O Measure algebras
551P Theorem
[79.12] [80.12] [81.12]
551Q Iterated {forcing}
[82.12]
551R Extending {filters}
[83.12]
551X Basic exercises (a)
[84.12]
551Y Further exercises (a)
551 Notes and comments
[85.12]) (./mt552.tex
Version of 29.1.14
552A Notation (a)
[86.12]
552B Theorem
552C Theorem
[87.12] [88.12]
552D Lemma
552E Theorem
[89.12]
552F Theorem
[90.12]
552G Theorem
[91.12] [92.12] [93.12] [94.12]
552H Theorem
[95.12]
552I Theorem
[96.12]
552J Theorem
[97.12]
552K Lemma
[98.12]
552L Lemma
552M Proposition
[99.12]
552N Theorem
[100.12] [101.12] [102.12] [103.12]
552O Proposition
552P Theorem
[104.12]
552X Basic exercises (a)
552Y Further exercises (a)
552 Notes and comments
[105.12]) (./mt553.tex
Version of 3.5.14
[106.12]
553A Notation
553B Lemma
553C Proposition
[107.12] [108.12]
553D Remark
553E Proposition
[109.12] [110.12]
553F Corollary
553G Lemma
[111.12]
553H Theorem
[112.12] [113.12]
553I Lemma
553J Theorem
[114.12]
553K 
[115.12]
553L Lemma
[116.12]
553M Proposition
[117.12] [118.12]
553N Proposition
[119.12] [120.12]
553O 
[121.12] [122.12] [123.12] [124.12]
553X Basic exercises (a)
[125.12]
553Y Further exercises (a)
[126.12]
553Z Problem
553 Notes and comments
) (./mt554.tex
Version of 2.9.14
554A Notation
554B Theorem
[127.12]
554C Definition
554D Proposition
554E Theorem
[128.12] [129.12]
554F Corollary
554G Theorem
[130.12] [131.12]
554H Corollary
554I Theorem
554X Basic exercises (a)
554Y Further exercises (a)
554 Notes and comments
[132.12]) (./mt555.tex
Version of 23.10.14
555A Notation
555B Theorem
[133.12] [134.12]
555C Theorem
[135.12] [136.12]
555D Corollary
555E Theorem
[137.12]
555F Proposition
[138.12] [139.12]
555G Cohen {forcing}
[140.12] [141.12]
555H Corollary
555I 
[142.12]
555J Lemma
555K G{\char 32l}{\accent 19 o}wczy{\accent 19 n}ski's example
555L Supercompact cardinals and the normal measure {axiom}
[143.12]
555M Proposition
555N Theorem
[144.12]
555O 
555X Basic exercises (a)
[145.12]
555Y Further exercises (a)
555Z Problems (a)
555 Notes and comments
[146.12]) (./mt556.tex
Version of 3.1.15
556A Forcing with Boolean subalgebras
[147.12]
556B Theorem
[148.12] [149.12] [150.12]
556C Theorem
[151.12] [152.12]
556D Regularly embedded {subalgebras}
556E Proposition
[153.12] [154.12]
556F Quotient {forcing}
[155.12] [156.12] [157.12]
556G Proposition
556H $L^0(\relax \errhelp \defaulthelp@ \errmessage {AmS-TeX error: \frak allow
ed only in math mode}A)$: Proposition
[158.12] [159.12] [160.12]
556I Proposition
[161.12]
556J Theorem
[162.12]
556K Theorem
[163.12] [164.12] [165.12]
556L Relatively independent subalgebras
[166.12]
556M Laws of large numbers
[167.12] [168.12]
556N Dye's theorem
[169.12]
556O 
[170.12]
556P Kawada's theorem
[171.12]
556Q 
556R Proposition
[172.12]
556S Theorem
[173.12] [174.12] [175.12] [176.12]
556X Basic exercises (a)
556Y Further exercises (a)
556 Notes and comments
[177.12]) [178.12] (./mt56.tex
Version of 3.1.15
) (./mt561.tex
Version of 8.9.13
561A Set theory without choice
[179.12]
561B Real analysis without choice
561C 
561D Tychonoff's theorem
[180.12]
561E Baire's theorem
561F Stone's Theorem
561G Haar{ measure}
[181.12] [182.12] [183.12] [184.12]
561H Kakutani's theorem
[185.12] [186.12]
561I Hilbert spaces: Proposition
[187.12]
561X Basic exercises (a)
[188.12]
561Y Further exercises (a)
[189.12]
561 Notes and comments
) (./mt562.tex
Version of 20.10.13
562A Trees
[190.12]
562B Coding sets with trees (a)
[191.12]
562C 
[192.12] [193.12]
562D Proposition
[194.12]
562E Proposition
*562F 
[195.12] [196.12]
562G Resolvable {sets}
562H Proposition
562I Theorem
[197.12]
562J Codable families of sets
562K Proposition
[198.12]
562L Codable Borel functions
562M Theorem
[199.12]
562N Proposition
[200.12]
562O Remarks (a)
[201.12]
562P Codable Borel equivalence (a)
562Q Resolvable functions
[202.12]
562R Theorem
[203.12]
562S Codable families of codable functions (a)
562T Codable Baire sets
[204.12] [205.12]
562U Proposition
[206.12]
562V 
[207.12]
562X Basic exercises (a)

Overfull \hbox (2.09215pt too wide) in paragraph at lines 2289--2289
[]\tenbf (b) \tenrm Let $\teni X$ \tenrm be a second-countable space and $\tens
y h\teni E[]\tensy i[]$ \tenrm a fam-ily of re-solv-able sub-sets of $\teni X$\
tenrm . Show that $[][] [][] \teni E[]$

\hbox(7.50006+3.52977)x505.0364, glue set - 1.0
.\hbox(0.0+0.0)x12.0
.\tenbf (
.\tenbf b
.\tenbf )
.\glue 3.33333 plus 1.67 minus 1.11
.etc.

[208.12]
562Y Further exercises (a)
562 Notes and comments
) (./mt563.tex
Version of 3.12.13
[209.12]
563A Definitions (a)
563B Proposition
[210.12]
563C Corollary
563D 
[211.12]
563E Lemma
563F Proposition
[212.12] [213.12]
563G Proposition
[214.12]
563H Theorem
563I Theorem
[215.12] [216.12]
563J Baire-coded measures
563K Proposition
563L Proposition
[217.12]
563M Measure algebras
563N Theorem
[218.12]
563X Basic exercises (a)
[219.12]
563Z Problem
563 Notes and comments
) (./mt564.tex
Version of 9.2.14
564A Definitions (a)
[220.12]
564B Lemma
[221.12]
564C Definition
564D Lemma
564E Theorem
[222.12]
564F 
[223.12]
564G Integration over subsets: Proposition
564H Theorem
[224.12]
564I Riesz Representation Theorem
[225.12]
564J The space $L^1$
564K 
[226.12]
564L Radon-Nikod{\accent 19 y}m theorem
[227.12]
564M Inverse-measure-preserving functions (a)
[228.12]
564N Product measures: Theorem
[229.12] [230.12] [231.12] [232.12]
564O Theorem

Overfull \hbox (2.172pt too wide) in paragraph at lines 1710--1710
\tenbf proof (a)(i) \tenrm Of course $\teni X$ \tenrm is Pol-ish; we have a com
-plete met-ric $\teni ^^Z$ \tenrm on $\teni X$ \tenrm de-fined by say-ing that 
$\teni ^^Z\tenrm (\teni x; y\tenrm ) = [][] [](2[]\teni ;

\hbox(8.49002+2.97415)x505.0364, glue set - 1.0
.\tenbf p
.\tenbf r
.\tenbf o
.\kern0.31944
.\tenbf o
.etc.

[233.12] [234.12]
564X Basic exercises (a)
564Y Further exercises (a)
[235.12]
564 Notes and comments
) (./mt565.tex
Version of 25.4.14
565A Definitions
[236.12]
565B Proposition
565C Lemma
[237.12]
565D Definition
565E Proposition
[238.12]
565F Vitali's Theorem
[239.12]
565G Proposition
565H Corollary
565I Lemma
[240.12]
565J Lemma
565K Theorem
[241.12] [242.12]
565L Lemma
565M Theorem

Underfull \hbox (badness 3396) in paragraph at lines 762--762
 []\tenrm (ii) $\teni F$ \tenrm is of bounded vari-a-tion, ab-so-lutely con-tin
-u-ous on ev-ery bounded in-ter-val, and  

\hbox(7.5+2.5)x505.0364, glue set 3.2414
.\glue(\leftskip) 24.0
.\hbox(0.0+0.0)x12.0
.\tenrm (
.\tenrm i
.\tenrm i
.etc.

[243.12]
565N Hausdorff measures
565O Theorem
[244.12]
565X Basic exercises (a)
[245.12]
565Y Further exercises (a)
565 Notes and comments
) (./mt566.tex
Version of 22.8.14
[246.12]
566A 
[247.12]
566B Volume 1
566C Volume 2
566D {Exhaustion}
[248.12]
566E 
566F Atomless {algebras}
[249.12]
566G Vitali's theorem
[250.12]
566H Bounded additive {functionals}
566I Infinite products: Theorem
[251.12]
566J 
566K Volume 3
[252.12]
566L The Loomis-Sikorski theorem
[253.12]
566M Measure algebras: Proposition
566N Characterizing the usual measure on $\relax {\tensy f}\spacefactor \@m 0,1
\relax \let \spacefactor 999{\tensy g}\spacefactor 999\relax ^{\relax \errhelp 
\defaulthelp@ \errmessage {AmS-TeX error: \Bbb allowed only in math mode}N}$: T
heorem
[254.12] [255.12]
566O Boolean values: Proposition
[256.12]
566P Weak {compactness}
[257.12]
566Q \relax \tenbf Theorem
[258.12] [259.12] [260.12]
566R Automorphisms of measurable algebras: Theorem
[261.12]
566S Volume 4
566T 
[262.12]
566U Dependent choice
566X Basic exercises (a)
566Y Further exercises (a)
[263.12]
566Z Problem
566 Notes and comments
) (./mt567.tex
Version of 31.10.14
567A Infinite games
[264.12]
567B Theorem
567C The axiom of determinacy (a)
[265.12]
567D Theorem
567E Consequences of AC($\relax \errhelp \defaulthelp@ \errmessage {AmS-TeX err
or: \Bbb allowed only in math mode}R;\omega $)
567F Lemma
[266.12] [267.12]
567G Theorem
[268.12]
567H Theorem
567I Proposition
[269.12]
567J Proposition
567K Theorem
[270.12]
567L Theorem
567M Theorem
[271.12]
567N Theorem
[272.12]

[273.12]
567O Corollary
567X Basic exercises (a)
[274.12]
567Y Further exercises (a)
[275.12]
567 Notes and comments
) [276.12] (./mt5a.tex
Version of 21.11.13
) (./mt5a1.tex
Version of 23.2.11
5A1A Order types (a)
5A1B Ordinal arithmetic (a)
[277.12]
5A1C Well-founded sets (a)
5A1D Trees 
[278.12]
5A1E Cardinal arithmetic (a)(i)
[279.12]
5A1F Three fairly simple facts
[280.12]
5A1G Partition calculus (a) The Erd{\accent "7D o}s-Rado theorem
5A1H $\Delta $-systems and free sets: Proposition
[281.12]
5A1I Remarks
5A1J Lemma
5A1K Lemma
[282.12]
5A1L Definitions (a)
5A1M Lemma
[283.12]
5A1N Almost-square-sequences: Lemma
[284.12]
5A1O Corollary
) (./mt5a2.tex
Version of 6.6.11
5A2A Reduced products
5A2B Theorem
[285.12] [286.12] [287.12]
5A2C Theorem
[288.12] [289.12]
5A2D Definitions (a)
[290.12]
5A2E Lemma
5A2F Lemma
5A2G Theorem
[291.12] [292.12]
5A2H Lemma
[293.12]
5A2I Lemma
[294.12]) (./mt5a3.tex
Version of 3.7.13
5A3A Forcing notions (a)
5A3B Forcing languages
[295.12]
5A3C The Forcing Relation
5A3D The Forcing Theorem
5A3E More notation
[296.12]
5A3F Boolean truth values
5A3G Concerning $\relax \unhbox \voidb@x \setbox \z@ \hbox {\mathchoice {\hskip
 -2pt {\fourteenrm \hbox {\lower 2pt\hbox {{\accent 20 \hbox {}}}}}\hskip -1pt}
 {\hskip -2pt {\fourteenrm \hbox {\lower 2pt\hbox {{\accent 20 \hbox {}}}}}\hsk
ip -1pt} {\hskip -2.5pt {\fourteenrm \hbox {\lower 4pt\hbox {{\accent 20 \hbox 
{}}}}}\hskip -1pt} {\hskip -2.5pt {\fourteenrm \hbox {\lower 4pt\hbox {{\accent
 20 \hbox {}}}}}\hskip -1pt}}\dimen@ -\wd \z@ \kern -.5\ex@ \copy \z@ \kern \di
men@ \kern .25\ex@ \raise .4\ex@ \copy \z@ \kern \dimen@ \kern .25\ex@ \box \z@
 $s (a)
[297.12]
5A3H Names for functions
[298.12]
5A3I Regular open algebras
5A3J 
5A3K Lemma
[299.12]
5A3L Real numbers in forcing languages
[300.12] [301.12] [302.12]
5A3M Forcing with Boolean algebras
[303.12]
5A3N Ordinals and cardinals
[304.12]
5A3O Iterated forcing
5A3P Martin's axiom
5A3Q Countably closed forcings (a)
[305.12]
5A3 Notes and comments
) (./mt5a4.tex
Version of 15.8.13
5A4A Definitions
[306.12]
5A4B Proposition
[307.12] [308.12]
5A4C Compactness
5A4D Vietoris topologies: Proposition
[309.12]
5A4E Category and the Baire property
[310.12]
5A4F Normal and paracompact spaces (a)
5A4G Baire $\sigma $-algebras (a)
[311.12]
5A4H Proposition
5A4I Old friends (a)
[312.12]) (./mt5a5.tex
Version of 3.10.13
5A5A Entire functions
) (./mt5a6.tex
Version of 4.8.10/27.11.12
[313.12]
5A6A The generalized continuum hypothesis
5A6B $L$, $0^{\sharp }$ and Jensen's Covering Lemma
5A6C Theorem
[314.12]
5A6D Square principles
5A6E Lemma
[315.12]
5A6F Chang's transfer principle
5A6G Todor{\accent 20 c}evi{\accent 19 c}'s $p$-ideal dichotomy
[316.12]
*5A6H Analytic $P$-ideals: Theorem
5A6I 
*5A6J Proposition
[317.12]) [318.12] (./mt5r.tex
Version of 6.9.13
[319.12]
query
[320.12] [321.12] [322.12] [323.12]) [324.12] (./mti.tex
Version of 31.12.10/4.9.12
absolutely
action
additive
additivity
almost
amenable
amoeba
analytic
angelic
Archimedean
associate
asymptotic
atomless
atomlessly
automorphism
Baire
Balcar
Banach
band
[325.12]
barycenter
Becker
Bellow
Bernoulli
Besicovitch
bidual
Bochner
Boolean
Borel
bounded
bounding
Brownian
Brunn
Cantor
capacity
Cara\-th{\accent 19 e}o\-dory
cardinal
cardinal functions
[326.12]
Carleson
Carlson
Cauchy
central
change
characteristic
Cicho{\accent 19 n}
Choquet
closed
codable
cofinality
Cohen
compact
compactness
complete
completion
concentration
conditional
construction
[327.12]
continued
convergence
convex
convolution
countable
countably
counting
covering
Dedekind
Denjoy
determinacy
differentiable
direct
disintegration
distribution
[328.12]
distributive
divergence
dominating
Doob
dual
duality
Dye
Dynkin
effectively
entangled
entropy
equidistributed
equilibrium
Erd{\accent "7D o}s
ergodic
essential
exhaustion
extended
extension
extremely
Fatou
Federer
Fej{\accent 19 e}r
filter
Finetti
forcing
Fourier
[329.12]
free
Freese
Fremlin
Fubini
function
fundamental
Gagliardo
Galois
gauge
Gaussian
Gitik
Haar
Hahn
Hardy
harmonic
Hausdorff measures
[330.12]
Henry
Henstock
image
indefinite
independent
inductive
infinite
inner
integral
integration
invariant
isoperimetric
iterated
Jensen
Kakutani
[331.12]
Kolmogorov
Koml{\accent 19 o}s
Kwapien
Lebesgue's Density Theorem
Levi
L{\accent 19 e}vy
lifting
linking
Lipschitz
localizable
localization
locally
Loomis
lower
Lusin
Mackey
Maharam
Maharam type
[332.12]
Markov
Martin
martingale
measurable
measure
medial
modular
monotone
monotonic
Nadkarni
narrow
Neumann
Newtonian
non-measurable
non-paradoxical
normal
[333.12]
null
order
ordering
Ornstein
outer
partially
partition
perfect
perimeter
Pfeffer
Plancherel
Poincar{\accent 19 e}
pointwise
Poisson
power
precaliber
product
[334.12]
projective
Prokhorov
quasi-measurable
quasi-Radon
Rademacher
Radon
Ramsey
random
rearrangements
reduced
regular
relative
removable
repeated
representation
[335.12]
resolvable
Riesz
Saks
saturated
Shannon
Shelah
Sierpi{\accent 19 n}ski
signed
simple
Sina{\accent 20 \i }
skew
Solovay
Souslin
split
stable
standard
Stone
strictly
strong law
[336.12]
submeasure
subspace
superharmonic
surface
symmetric
Szemer{\accent 19 e}di
tagged
Talagrand
Tamanini
tensor
tightly
Todor{\accent 20 c}evi{\accent 19 c}
Tonelli
topological
transversal
two-valued-measurable
uniformity
uniformly
universally
vague
Vitali
weak
[337.12]
weakly
Weyl
Wiener
$\scriptstyle \relax \unhbox \voidb@x \setbox \z@ \hbox {C}\dimen@ -\wd \z@ \ke
rn -.5\ex@ \copy \z@ \kern \dimen@ \kern .25\ex@ \raise .4\ex@ \copy \z@ \kern 
\dimen@ \kern .25\ex@ \box \z@ $
$\scriptstyle \relax \unhbox \voidb@x \setbox \z@ \hbox {K}\dimen@ -\wd \z@ \ke
rn -.5\ex@ \copy \z@ \kern \dimen@ \kern .25\ex@ \raise .4\ex@ \copy \z@ \kern 
\dimen@ \kern .25\ex@ \box \z@ $
$\scriptstyle \relax \unhbox \voidb@x \setbox \z@ \hbox {L}\dimen@ -\wd \z@ \ke
rn -.5\ex@ \copy \z@ \kern \dimen@ \kern .25\ex@ \raise .4\ex@ \copy \z@ \kern 
\dimen@ \kern .25\ex@ \box \z@ $
[338.12]
$\scriptstyle \relax \unhbox \voidb@x \setbox \z@ \hbox {M}\dimen@ -\wd \z@ \ke
rn -.5\ex@ \copy \z@ \kern \dimen@ \kern .25\ex@ \raise .4\ex@ \copy \z@ \kern 
\dimen@ \kern .25\ex@ \box \z@ $
$\scriptstyle \relax \unhbox \voidb@x \setbox \z@ \hbox {S}\dimen@ -\wd \z@ \ke
rn -.5\ex@ \copy \z@ \kern \dimen@ \kern .25\ex@ \raise .4\ex@ \copy \z@ \kern 
\dimen@ \kern .25\ex@ \box \z@ $
$\scriptstyle \relax \unhbox \voidb@x \setbox \z@ \hbox {T}\dimen@ -\wd \z@ \ke
rn -.5\ex@ \copy \z@ \kern \dimen@ \kern .25\ex@ \raise .4\ex@ \copy \z@ \kern 
\dimen@ \kern .25\ex@ \box \z@ $
$\scriptstyle \relax \unhbox \voidb@x \setbox \z@ \hbox {U}\dimen@ -\wd \z@ \ke
rn -.5\ex@ \copy \z@ \kern \dimen@ \kern .25\ex@ \raise .4\ex@ \copy \z@ \kern 
\dimen@ \kern .25\ex@ \box \z@ $
$\sigma $
$\tau $
0
Abel
abelian
absolute
absolutely
abstract
action
[339.12]
active
adapted
additive
additivity
adjoint
affine
algebra
algebraic
almost
alternating
ambit
amenable
amoeba
analytic
[340.12]
angelic
antichain
aperiodic
approximately
Archimedean
Archimedes
area
Arens
arithmetic
Aronszajn
arrow
associate
asymptotic
asymptotically
atom
atomic
atomless
atomlessly
augmented
automatic
[341.12]
automorphism
axiom

Overfull \hbox (0.36432pt too wide) in paragraph at lines 2889--2909
\tenrm con-tin-uum hy-poth-e-sis (\tenbf 4A1Ad\tenrm ), count-able choice, de-p
en-dent choice, de-ter-mi-nacy (\tenbf 567C\tenrm ), fil-ter di-chotomy (\tenbf
 5A6Id\tenrm ),

\hbox(7.5+2.5)x505.0364, glue set - 1.0
.\tenrm c
.\tenrm o
.\discretionary replacing 2
..\tenrm n
..\tenrm -
.\tenrm n
.\kern-0.27779
.etc.

Baire
[342.12]
Balcar
ball
Banach
band
barycenter
base
basically
basis
Becker
Bellow
Benedikt
Bergelson
Bernoulli
Berry-Ess{\accent 19 e}en
Besicovitch
bidual
Bienaym{\accent 19 e}
bilateral
bilinear
[343.12]
bipolar
Bochner
Boolean
Booth
Borel
[344.12]
boundary
bounded
bounding
Bourgain
box
branch
Breiman
Brownian
Brunn
bursting
c{\accent 18 a}dl{\accent 18 a}g
caliber
c{\accent 18 a}ll{\accent 18 a}l
canonical
Cantor
cap
capacitable
[345.12]
capacity
Cara\-th{\accent 19 e}o\-dory
cardinal
Carleson
Carlson
carry
category
Cauchy
{\accent 20 C}ech
cellularity
centered
[346.12]
centering
central
Ces{\accent 18 a}ro
Chacon
chain
Chang
change
character
characteristic
charge
chargeable
Chebyshev
choice
Choquet
Cicho{\accent 19 n}
circle
clopen
closed
closure
[347.12]
club
cluster
coanalytic
coarea
coarser
codable
codable family
codably
cofinal
cofinality
cofinite
Cohen
coinitial
coinitiality
comeager
commutative
commutator
commuting
compact
[348.12]
compactification
compactly
Compactness
compatible
complement
complementary
complemented
complete
[349.12]
completed
completely
completion
complex
complexification
complex-valued
component
composition
compound
concatenation
concave
concentrated
concentration
condition
conditional
conditionally
[350.12]
cone
conegligible
connected
conjugacy
conjugate
conjunction
connection
consistent
constituent
constructibility
constructible
continued
continuity
continuous
continuum
control
convergence
convergence in measure
query
convergent
convex
[351.12]
convolution
countable
countably
[352.12]
counting
covariance
covariant
cover
covering
cozero
cycle
cyclic
cylinder
cylindrical
Daniell
Davies
De Morgan
decimal
decomposable
decomposition
decreasing
[353.12]
Dedekind
delta
Denjoy
dense
density
dependent
derivate
derivative
[354.12]
derived
determinacy
determined
determinant
determined
Devil
diagonal
diamond
Dieudonn{\accent 19 e}
differentiability
differentiable
differentiating
diffused
dilation
dimension
Dini
Dirac
direct
directed
Dirichlet
disconnected
discrete
discriminating
disintegration
disjoint
distribution
[355.12]
distributive
distributivity
divergence
divisible
domain
dominated
dominating
Doob
double
doubly
Dowker
down-antichain
down-open
down-precaliber
down-topology
downwards
dual
duality
Dunford
[356.12]
dyadic
Dye
dynamical
Dynkin
Eberlein
effectively
Effros
Egorov
eigenvector
Elekes
embeddable
embedding
empirical
energy
entangled
entire
entropy
enumerate
envelope
enveloped
equality
equiconsistent
equicontinuous
equidecomposable
equidistributed
Equidistribution
equilibrium
equipollent
equivalent
equiveridical
Erd{\accent "7D o}s
ergodic
[357.12]
essential
essentially
Etemadi
Euclidean
even
exchangeable
exchanging
exhaustion
exhaustive
exhaustivity
exit
expectation
exponential
exponentially
exponentiation
extended
extension
exterior
extremally
extreme
extremely
[358.12]
factor
fair
faithful
Farah
Fatou
favourable
Federer
Fej{\accent 19 e}r
Fell
Feller
few
fiber
Fibonacci
field
filter
filtered
filtration
fine
finer
Finetti
finite
finitely additive
[359.12]
finitely full
first
fixed
Fodor
F{\o }lner
forcing
Foreman
four
Fourier
fractional
fragmented
Fran{\accent 20 e}k
Fr{\accent 19 e}chet
free
Freese-Nation
Fremlin
[360.12]
Frol{\accent 19 \i }k
Frostman
Fubini
full
fully
function
fundamental
Gagliardo
Gaifman
Galois
game
gamma
gap
gauge
Gauss
Gaussian
generalized
generated
generating
[361.12]
geometric
Geschke
Giacomelli
Gitik
Glivenko
global
G{\char 32l}{\accent 19 o}wczy{\accent 19 n}ski
G{\accent "7F o}del
golden
gradient
graph
greatest
Green
Grothendieck
group
groupwise
Haar
Hahn
Hajian
Hajnal
half
Hall
Halmos
Hamel
Hamming
Hanner
Hardy
harmless
harmonic
Hausdorff
[362.12]
Haydon
heat
height
Helly
Henry
Henstock
hereditarily
hereditary
Hilbert
Hindman
hitting
Hoeffding
H{\accent "7F o}lder
homeomorphism
homogeneous
homomorphic
homomorphism
hull
[363.12]
Humpty
hypergraph
hyperplane
hypo-radonian
ideal
idempotent
identically
image
improper
inaccessible
incompatible
increasing
increment
indecomposable
indefinite
independence
independent
query
[364.12]
index
indicator
indiscrete
individual
induced
inductive
inequality
infimum
infinite
infinitely
infinity
information
initial
injective
inner
inner regular
integrable
integral
[365.12]
integration
interior
interpolation
interpretation
intersection
interval
invariant
inverse
inverse-measure-preserving
inversion
invertible
[366.12]
involution
irreducible
isodiametric
isolated
isometry
isomorphic
isomorphism
Isoperimetric
iterated
Jacobian
Jech
Jensen
joint
Jordan
Kadec
Kakutani
Kalton
Kampen
Kantorovich
Kawada
Kechris
Keleti
Kelley
Kelvin
kernel
Kirszbraun
Knaster
Kolmogorov
Koml{\accent 19 o}s
K{\accent "7F o}nig
Koppelberg
Kre{\accent 20 \i }n
Kronecker
[367.12]
Kuratowski
Kupka
Kwapien
Lacey
Laplace
Laplacian
last
laterally
lattice
law
Lebesgue
[368.12]
left
length
level
Levi
L{\accent 19 e}vy
lexicographic
Liapounoff
lifting
limit
Lindeberg
Lindel{\accent "7F o}f
linear
[369.12]
linked
linking
lipeomorphism
Lipschitz
local
localizable
localization
locally
[370.12]
Loeb
Lo{{\accent "12 e}}ve
logistic
Loomis
Lorentz
Losert
lower
Lusin
Luxemburg
Mackey
magnitude
Maharam
[371.12]
many
Marczewski
marginal
Ma{\accent 20 r}{\accent 19 \i }k
Markov
marriage
Martin
martingale
max-flow
maximal
Mazur
McMillan
McShane
meager
mean
[372.12]
measurable
measure
measure algebra
measure-centering
measure-compact
measure-converging
[373.12]
measure-free
measure metric
measure-precaliber
measure-preserving
measure space
medial
median
metacompact
metric
metrically
metrizable
[374.12]
metrizably
mid-convex
minimal
Minkowski
mixing
mixture
moderated
modified
modular
modulation
monocompact
monotone
monotonic
Monte
multilinear
multiple
multiplier
multiplicative
Nachbin
Nadkarni
name
narrow
natural
negation
negligible
neighbourhood
net
[375.12]
network
Neumann
Newtonian
Nikod{\accent 19 y}m
Nirenberg
no
non-decreasing
non-increasing
non-measurable
non-principal
non-scattered
non-stationary
non-trivial
norm
normal
normalized
normalizer
normed
Nov{\accent 19 a}k
Novikov
nowhere
[376.12]
null
odd
odometer
Ogasawara
one-parameter
one-point
open
operation
operator
optional
orbit
order
order-bounded
order-closed
order-complete
order-continuous
[377.12]
order*-convergent
order-convex
order-dense
order-dimension
order*-limit
order-preserving
order-sequential
order topology
order type
order unit
ordered
ordering
ordinal
ordinate
Orlicz
Ornstein
orthogonal
orthonormal
oscillation
Ostaszewski
outer
[378.12]
outer measure
outer regular
outward
Pachl
pair
paracompact
Parovi{\accent 20 c}enko
Parseval
partial
partially
partition
Peano
perfect
perfectly
perimeter
periodic
permutation
Perron
[379.12]
Pettis
Pfeffer
Phillips
Pierce
Plancherel
play
Poincar{\accent 19 e}
point-countable
point-finite
point-supported
pointwise
Poisson
polar
Polish
P{\accent 19 o}lya
polynomial
polytope
Pontryagin
porous
positive
potential
[380.12]
power set
precaliber
predictable
pre-ordered
pre-Radon
presque
pressing-down
primitive
principal
probability
process
product
[381.12]
progressively
projection
projectional
projective
projectively
Prokhorov
proper
properly
property
pseudo-cycle
pseudometric
[382.12]
pseudometrizable
pseudo-simple
pull-back
purely
push
quasi-dyadic
quasi-homogeneous
quasi-measurable
quasi-order
quasi-order-dense
quasi-Radon
quasi-simple
quasi-Stonian
quasi-strategy
Quickert
quotient
Rademacher
Radon
Radon measure
[383.12]
Ramsey
random
rank
rapid
rapidly
real-analytic
real-valued-measurable
realcompact
reaping
rearrangement
rectifiable
recurrence
recurrent
recursion
[384.12]
reduced
refinable
refine
refinement
reflection
reflexive
regular
regular open set
regularly
relation
relative
relatively
relatively independent
[385.12]
relatively invariant
removable
repeated
representation
residual
resolution
resolvable
respects
retract
reverse
Riemann
Riesz
right
[386.12]
rigid
ring
Rokhlin
root
Rothberger
rotund
Rudin
Saks
saltus
saturated
saturation
scalar
scalarly
scattered
Schachermeyer
scheme
Schr{\accent "7F o}der
Schwartz
Schwartzian
second
selection
selective
selector
self-adjoint
self-supporting
semicompact
semi-continuous
semi-definite
semi-finite
[387.12]
semigroup
seminorm
semi-radonian
semi-ring
separable
separate
separated
separately
separation
separative
separator
sequential
sequentially
sequentially order-continuous
[388.12]
sequentially smooth
set
Shannon
Shelah
shift
shrinking
Sierpi{\accent 19 n}ski
signed
simple
Sina{\accent 20 \i }
singular
skew
slalom
small
smooth
smoothing
Sobolev
solid
[389.12]
Solovay
Sorgenfrey
Souslin
space
special
spectral
spectrum
sphere
spherical
split
splitting
square
stabilizer
stable
standard
stationary
statistically
Steiner
Steinhaus
step
Stieltjes
Stirling
stochastic
stochastically
[390.12]
Stone
stopping
straightforward
Strassen
strategy
strictly
strictly positive
strong
stronger
strongly
subadditive
subalgebra
[391.12]
subbase
subdivision
subgroup
subharmonic
subhomomorphism
sublattice
submartingale
submeasure
submodular
subring
subspace
substitution
subtree
successor
sum
summable
supercompact
superharmonic
supermodular
support
supported
[392.12]
supporting
supremum
surface
symmetric
symmetrization
Szemer{\accent 19 e}di
tag
tagged
Talagrand
Tamanini
Tarski
tempered
tensor
tent
test
thick
thin
three
Tietze
tight
tightly
tightness
time
Todor{\accent 20 c}evi{\accent 19 c}
Tonelli
topological
topology
[393.12]
T{\accent "7F o}rnquist
total
totally
tower
trace
transfinite
transitional
transitive
translation-invariant
transportation
transversal
tree
truly
truncated
truth
Tukey
two-sided
two-valued-measurable
Tychonoff
[394.12]
type
Ulam
ultrafilter
uncompleted
uncountable
uniferent
uniform
uniformity
uniformly
unimodular
[395.12]
unit
unital
unitary
universal
universally
up-antichain
up-crossing
up-open
up-precaliber
up-topology
upper
upwards
Urysohn
usual
[396.12]
vague
variable
variance
variation
vector
very
Vietoris
virtually
Vitali
volume
Wald
wandering
Wasserstein
weak
weakly
[397.12]
Weierstrass
weight
well-distributed
well-founded
well-orderable
well-ordered
well-ordering
well-pruned
well-spread
Weyl
Wiener
winning
Wirtinger
witnessing
Woodin
Young
Zermelo
zero
Zorn
$\scriptstyle \relax \unhbox \voidb@x \setbox \z@ \hbox {A}\dimen@ -\wd \z@ \ke
rn -.5\ex@ \copy \z@ \kern \dimen@ \kern .25\ex@ \raise .4\ex@ \copy \z@ \kern 
\dimen@ \kern .25\ex@ \box \z@ $
[398.12]
$\scriptstyle \relax \unhbox \voidb@x \setbox \z@ \hbox {B}\dimen@ -\wd \z@ \ke
rn -.5\ex@ \copy \z@ \kern \dimen@ \kern .25\ex@ \raise .4\ex@ \copy \z@ \kern 
\dimen@ \kern .25\ex@ \box \z@ $
$\scriptstyle \relax \unhbox \voidb@x \setbox \z@ \hbox {C}\dimen@ -\wd \z@ \ke
rn -.5\ex@ \copy \z@ \kern \dimen@ \kern .25\ex@ \raise .4\ex@ \copy \z@ \kern 
\dimen@ \kern .25\ex@ \box \z@ $
[399.12]
$\scriptstyle \relax \unhbox \voidb@x \setbox \z@ \hbox {D}\dimen@ -\wd \z@ \ke
rn -.5\ex@ \copy \z@ \kern \dimen@ \kern .25\ex@ \raise .4\ex@ \copy \z@ \kern 
\dimen@ \kern .25\ex@ \box \z@ $
$\scriptstyle \relax \unhbox \voidb@x \setbox \z@ \hbox {E}\dimen@ -\wd \z@ \ke
rn -.5\ex@ \copy \z@ \kern \dimen@ \kern .25\ex@ \raise .4\ex@ \copy \z@ \kern 
\dimen@ \kern .25\ex@ \box \z@ $
$\scriptstyle \relax \unhbox \voidb@x \setbox \z@ \hbox {F}\dimen@ -\wd \z@ \ke
rn -.5\ex@ \copy \z@ \kern \dimen@ \kern .25\ex@ \raise .4\ex@ \copy \z@ \kern 
\dimen@ \kern .25\ex@ \box \z@ $
[400.12]
$\scriptstyle \relax \unhbox \voidb@x \setbox \z@ \hbox {G}\dimen@ -\wd \z@ \ke
rn -.5\ex@ \copy \z@ \kern \dimen@ \kern .25\ex@ \raise .4\ex@ \copy \z@ \kern 
\dimen@ \kern .25\ex@ \box \z@ $
$\scriptstyle \relax \unhbox \voidb@x \setbox \z@ \hbox {H}\dimen@ -\wd \z@ \ke
rn -.5\ex@ \copy \z@ \kern \dimen@ \kern .25\ex@ \raise .4\ex@ \copy \z@ \kern 
\dimen@ \kern .25\ex@ \box \z@ $
$\scriptstyle \relax \unhbox \voidb@x \setbox \z@ \hbox {I}\dimen@ -\wd \z@ \ke
rn -.5\ex@ \copy \z@ \kern \dimen@ \kern .25\ex@ \raise .4\ex@ \copy \z@ \kern 
\dimen@ \kern .25\ex@ \box \z@ $
$\scriptstyle \relax \unhbox \voidb@x \setbox \z@ \hbox {J}\dimen@ -\wd \z@ \ke
rn -.5\ex@ \copy \z@ \kern \dimen@ \kern .25\ex@ \raise .4\ex@ \copy \z@ \kern 
\dimen@ \kern .25\ex@ \box \z@ $
$\scriptstyle \relax \unhbox \voidb@x \setbox \z@ \hbox {K}\dimen@ -\wd \z@ \ke
rn -.5\ex@ \copy \z@ \kern \dimen@ \kern .25\ex@ \raise .4\ex@ \copy \z@ \kern 
\dimen@ \kern .25\ex@ \box \z@ $
$\scriptstyle \relax \unhbox \voidb@x \setbox \z@ \hbox {L}\dimen@ -\wd \z@ \ke
rn -.5\ex@ \copy \z@ \kern \dimen@ \kern .25\ex@ \raise .4\ex@ \copy \z@ \kern 
\dimen@ \kern .25\ex@ \box \z@ $
[401.12] [402.12]
$\scriptstyle \relax \unhbox \voidb@x \setbox \z@ \hbox {M}\dimen@ -\wd \z@ \ke
rn -.5\ex@ \copy \z@ \kern \dimen@ \kern .25\ex@ \raise .4\ex@ \copy \z@ \kern 
\dimen@ \kern .25\ex@ \box \z@ $
[403.12]
$\scriptstyle \relax \unhbox \voidb@x \setbox \z@ \hbox {N}\dimen@ -\wd \z@ \ke
rn -.5\ex@ \copy \z@ \kern \dimen@ \kern .25\ex@ \raise .4\ex@ \copy \z@ \kern 
\dimen@ \kern .25\ex@ \box \z@ $
$\scriptstyle \relax \unhbox \voidb@x \setbox \z@ \hbox {O}\dimen@ -\wd \z@ \ke
rn -.5\ex@ \copy \z@ \kern \dimen@ \kern .25\ex@ \raise .4\ex@ \copy \z@ \kern 
\dimen@ \kern .25\ex@ \box \z@ $
$\scriptstyle \relax \unhbox \voidb@x \setbox \z@ \hbox {P}\dimen@ -\wd \z@ \ke
rn -.5\ex@ \copy \z@ \kern \dimen@ \kern .25\ex@ \raise .4\ex@ \copy \z@ \kern 
\dimen@ \kern .25\ex@ \box \z@ $
$\scriptstyle \relax \unhbox \voidb@x \setbox \z@ \hbox {Q}\dimen@ -\wd \z@ \ke
rn -.5\ex@ \copy \z@ \kern \dimen@ \kern .25\ex@ \raise .4\ex@ \copy \z@ \kern 
\dimen@ \kern .25\ex@ \box \z@ $
$\scriptstyle \relax \unhbox \voidb@x \setbox \z@ \hbox {R}\dimen@ -\wd \z@ \ke
rn -.5\ex@ \copy \z@ \kern \dimen@ \kern .25\ex@ \raise .4\ex@ \copy \z@ \kern 
\dimen@ \kern .25\ex@ \box \z@ $
$\scriptstyle \relax \unhbox \voidb@x \setbox \z@ \hbox {S}\dimen@ -\wd \z@ \ke
rn -.5\ex@ \copy \z@ \kern \dimen@ \kern .25\ex@ \raise .4\ex@ \copy \z@ \kern 
\dimen@ \kern .25\ex@ \box \z@ $
[404.12]
$\scriptstyle \relax \unhbox \voidb@x \setbox \z@ \hbox {T}\dimen@ -\wd \z@ \ke
rn -.5\ex@ \copy \z@ \kern \dimen@ \kern .25\ex@ \raise .4\ex@ \copy \z@ \kern 
\dimen@ \kern .25\ex@ \box \z@ $
$\scriptstyle \relax \unhbox \voidb@x \setbox \z@ \hbox {U}\dimen@ -\wd \z@ \ke
rn -.5\ex@ \copy \z@ \kern \dimen@ \kern .25\ex@ \raise .4\ex@ \copy \z@ \kern 
\dimen@ \kern .25\ex@ \box \z@ $
$\scriptstyle \relax \unhbox \voidb@x \setbox \z@ \hbox {V}\dimen@ -\wd \z@ \ke
rn -.5\ex@ \copy \z@ \kern \dimen@ \kern .25\ex@ \raise .4\ex@ \copy \z@ \kern 
\dimen@ \kern .25\ex@ \box \z@ $
$\scriptstyle \relax \unhbox \voidb@x \setbox \z@ \hbox {W}\dimen@ -\wd \z@ \ke
rn -.5\ex@ \copy \z@ \kern \dimen@ \kern .25\ex@ \raise .4\ex@ \copy \z@ \kern 
\dimen@ \kern .25\ex@ \box \z@ $
$\scriptstyle \relax \unhbox \voidb@x \setbox \z@ \hbox {Z}\dimen@ -\wd \z@ \ke
rn -.5\ex@ \copy \z@ \kern \dimen@ \kern .25\ex@ \raise .4\ex@ \copy \z@ \kern 
\dimen@ \kern .25\ex@ \box \z@ $
$\scriptstyle \relax \unhbox \voidb@x \setbox \z@ \hbox {\alpha }\dimen@ -\wd \
z@ \kern -.5\ex@ \copy \z@ \kern \dimen@ \kern .25\ex@ \raise .4\ex@ \copy \z@ 
\kern \dimen@ \kern .25\ex@ \box \z@ $
[405.12]
$\scriptstyle \relax \unhbox \voidb@x \setbox \z@ \hbox {\beta }\dimen@ -\wd \z
@ \kern -.5\ex@ \copy \z@ \kern \dimen@ \kern .25\ex@ \raise .4\ex@ \copy \z@ \
kern \dimen@ \kern .25\ex@ \box \z@ $
$\scriptstyle \relax \unhbox \voidb@x \setbox \z@ \hbox {\Gamma }\dimen@ -\wd \
z@ \kern -.5\ex@ \copy \z@ \kern \dimen@ \kern .25\ex@ \raise .4\ex@ \copy \z@ 
\kern \dimen@ \kern .25\ex@ \box \z@ $
$\scriptstyle \relax \unhbox \voidb@x \setbox \z@ \hbox {\Delta }\dimen@ -\wd \
z@ \kern -.5\ex@ \copy \z@ \kern \dimen@ \kern .25\ex@ \raise .4\ex@ \copy \z@ 
\kern \dimen@ \kern .25\ex@ \box \z@ $
$\scriptstyle \relax \unhbox \voidb@x \setbox \z@ \hbox {\theta }\dimen@ -\wd \
z@ \kern -.5\ex@ \copy \z@ \kern \dimen@ \kern .25\ex@ \raise .4\ex@ \copy \z@ 
\kern \dimen@ \kern .25\ex@ \box \z@ $
$\scriptstyle \relax \unhbox \voidb@x \setbox \z@ \hbox {\Theta }\dimen@ -\wd \
z@ \kern -.5\ex@ \copy \z@ \kern \dimen@ \kern .25\ex@ \raise .4\ex@ \copy \z@ 
\kern \dimen@ \kern .25\ex@ \box \z@ $
$\scriptstyle \relax \unhbox \voidb@x \setbox \z@ \hbox {\lambda }\dimen@ -\wd 
\z@ \kern -.5\ex@ \copy \z@ \kern \dimen@ \kern .25\ex@ \raise .4\ex@ \copy \z@
 \kern \dimen@ \kern .25\ex@ \box \z@ $
$\scriptstyle \relax \unhbox \voidb@x \setbox \z@ \hbox {\mu }\dimen@ -\wd \z@ 
\kern -.5\ex@ \copy \z@ \kern \dimen@ \kern .25\ex@ \raise .4\ex@ \copy \z@ \ke
rn \dimen@ \kern .25\ex@ \box \z@ $
$\scriptstyle \relax \unhbox \voidb@x \setbox \z@ \hbox {\nu }\dimen@ -\wd \z@ 
\kern -.5\ex@ \copy \z@ \kern \dimen@ \kern .25\ex@ \raise .4\ex@ \copy \z@ \ke
rn \dimen@ \kern .25\ex@ \box \z@ $
$\scriptstyle \relax \unhbox \voidb@x \setbox \z@ \hbox {\pi }\dimen@ -\wd \z@ 
\kern -.5\ex@ \copy \z@ \kern \dimen@ \kern .25\ex@ \raise .4\ex@ \copy \z@ \ke
rn \dimen@ \kern .25\ex@ \box \z@ $
$\scriptstyle \relax \unhbox \voidb@x \setbox \z@ \hbox {\Pi }\dimen@ -\wd \z@ 
\kern -.5\ex@ \copy \z@ \kern \dimen@ \kern .25\ex@ \raise .4\ex@ \copy \z@ \ke
rn \dimen@ \kern .25\ex@ \box \z@ $
$\scriptstyle \relax \unhbox \voidb@x \setbox \z@ \hbox {\sigma }\dimen@ -\wd \
z@ \kern -.5\ex@ \copy \z@ \kern \dimen@ \kern .25\ex@ \raise .4\ex@ \copy \z@ 
\kern \dimen@ \kern .25\ex@ \box \z@ $
$\sigma $-generating
[406.12]
$\sigma $-ideal
$\sigma $-isolated
$\sigma $-linked
$\sigma $-metrically-discrete
$\sigma $-order-complete
$\sigma $-order-continuous
$\sigma $-refinement
$\sigma $-subalgebra
$\sigma $-subhomomorphism
$(\sigma ,\infty )$-distributive
$\scriptstyle \relax \unhbox \voidb@x \setbox \z@ \hbox {\Sigma }\dimen@ -\wd \
z@ \kern -.5\ex@ \copy \z@ \kern \dimen@ \kern .25\ex@ \raise .4\ex@ \copy \z@ 
\kern \dimen@ \kern .25\ex@ \box \z@ $
$\scriptstyle \relax \unhbox \voidb@x \setbox \z@ \hbox {\tau }\dimen@ -\wd \z@
 \kern -.5\ex@ \copy \z@ \kern \dimen@ \kern .25\ex@ \raise .4\ex@ \copy \z@ \k
ern \dimen@ \kern .25\ex@ \box \z@ $
$\scriptstyle \relax \unhbox \voidb@x \setbox \z@ \hbox {\tau }\dimen@ -\wd \z@
 \kern -.5\ex@ \copy \z@ \kern \dimen@ \kern .25\ex@ \raise .4\ex@ \copy \z@ \k
ern \dimen@ \kern .25\ex@ \box \z@ $-additive
$\scriptstyle \relax \unhbox \voidb@x \setbox \z@ \hbox {\Upsilon }\dimen@ -\wd
 \z@ \kern -.5\ex@ \copy \z@ \kern \dimen@ \kern .25\ex@ \raise .4\ex@ \copy \z
@ \kern \dimen@ \kern .25\ex@ \box \z@ $
$\scriptstyle \relax \unhbox \voidb@x \setbox \z@ \hbox {\Phi }\dimen@ -\wd \z@
 \kern -.5\ex@ \copy \z@ \kern \dimen@ \kern .25\ex@ \raise .4\ex@ \copy \z@ \k
ern \dimen@ \kern .25\ex@ \box \z@ $
$\scriptstyle \relax \unhbox \voidb@x \setbox \z@ \hbox {\chi }\dimen@ -\wd \z@
 \kern -.5\ex@ \copy \z@ \kern \dimen@ \kern .25\ex@ \raise .4\ex@ \copy \z@ \k
ern \dimen@ \kern .25\ex@ \box \z@ $
$\scriptstyle \relax \unhbox \voidb@x \setbox \z@ \hbox {\psi }\dimen@ -\wd \z@
 \kern -.5\ex@ \copy \z@ \kern \dimen@ \kern .25\ex@ \raise .4\ex@ \copy \z@ \k
ern \dimen@ \kern .25\ex@ \box \z@ $
$\scriptstyle \relax \unhbox \voidb@x \setbox \z@ \hbox {\omega }\dimen@ -\wd \
z@ \kern -.5\ex@ \copy \z@ \kern \dimen@ \kern .25\ex@ \raise .4\ex@ \copy \z@ 
\kern \dimen@ \kern .25\ex@ \box \z@ $
[407.12]
0
2
special symbols
[408.12] [409.12] [410.12])
2queries
[411.12] )
Output written on vol5II.dvi (411 pages, 2693404 bytes).
