This is TeX, Version 3.14159265 (TeX Live 2015/Debian) (preloaded format=tex 2018.1.2)  17 JAN 2018 21:08
**vol5I.tex
(./vol5I.tex (./volwp.aux (./fremtex.tex
\scaleup=\count26
\scaledown=\count27
\oldcopyrightdate=\count28
\newcopyrightdate=\count29
 (./amstex.tex

AmS-TeX- Version 2.2

Loading definitions for misc utility macros, page layout, accents/punctuation,
line and page breaks, figures, comments, math spacing, fractions,
smash commands, large operator symbols, integrals, operator names,
multilevel sub/superscripts, matrices, multiline displays,
continued fractions, compound symbols, various kinds of dots,
special superscripts, \text, math font commands, \newsymbol,
bold Greek and bold symbols, Euler fonts, math accents, roots,
commutative diagrams, poor man's bold, syntax check, ... finished)
(./amsppt.sty version 2.2 (2001/08/07): Loading utility definitions,
more fonts, page dimension settings, top matter, section heads,
theorems/proofs/definitions/remarks, rosters, footnotes, figures and captions,
miscellaneous, references, end of document, output routine,
\copyins=\insert252

hyphenation exceptions (U.S. English) (./amsppt.sti symbol names (./amssym.tex)
,)

)) (./mt.tex
Extract from MEASURE THEORY, by D.H.Fremlin, University of Essex, Colchester. T
his material is copyright. It is issued under the terms of the Design Science L
icense as published in http://dsl.org/copyleft/dsl.txt. This is a development v
ersion and the source files are not permanently archived. For further informati
on contact fremdh@essex.ac.uk
) (./psfig.sty
psfig/tex 1.10-dvips
)) (./mt50I.tex
Version of 15.3.08
(./mtlogo.tex
importing diagram tflogo2.ps at height 32pt with psfig
psfig: searching tflogo2.ps for bounding box
psfig: including tflogo2.ps 
) [1.12] [2.12] (./mtlogo.tex
importing diagram tflogo2.ps at height 53pt with psfig
psfig: searching tflogo2.ps for bounding box
psfig: including tflogo2.ps 
) [3.12] [4.12] (./mt05I.tex [5.12]) (./mt05II.tex [6.12] [7.12]) [8.12]
[9.12] (./mt5.tex
Version of 9.1.15
[10.12])) [11.12] (./mt51.tex
Version of 3.1.15
) (./mt511.tex
Version of 10.10.13
[12.12]
511A Pre-ordered sets
511B Definitions
[13.12]
511C On the symbol $\infty $
511D Definitions
[14.12]
511E Precalibers (a)
[15.12]
511F Definitions
511G Definition
511H Elementary facts: pre-ordered sets
[16.12]
511I Elementary facts: Boolean algebras
511J Elementary facts: ideals of sets
[17.12]
511X Basic exercises (a)
511Y Further exercises (a)
[18.12]
511 Notes and comments
) (./mt512.tex
Version of 27.11.13
[19.12]
512A Definitions (a)
512B Definitions (a)

Overfull \hbox (0.86855pt too wide) in paragraph at lines 85--91
[]\tenrm If $\teni ^^T \tensy ^^T \teni ^^U$\tenrm , then ev-ery $[]\teni ^^U$\
tenrm -linked set is $[]\teni ^^T$\tenrm -linked, so $[][](\teni A; R; B\tenrm 
) \tensy ^^T [][]\tenrm (\teni A; R; B\tenrm )$. Note also that $[][](\teni A; 
R; B\tenrm )$

\hbox(7.5+2.5)x505.0364, glue set - 1.0
.\hbox(0.0+0.0)x12.0
.\tenrm I
.\tenrm f
.\glue 3.33333 plus 1.67 minus 1.11
.\mathon
.etc.

512C 

Overfull \hbox (2.45782pt too wide) in paragraph at lines 121--124
[]\tenrm (g) If $(\teni A; R; B\tenrm ) \tenmsa 4[] \tenrm (\teni C; S; D\tenrm
 )$ then $(\teni C; S; D\tenrm )[] \tenmsa 4[] \tenrm (\teni A; R; B\tenrm )[]$
. So if $(\teni A; R; B\tenrm ) \tensy ^^Q[] \tenrm (\teni C; S; D\tenrm )$ the
n $(\teni A; R; B\tenrm )[] \tensy ^^Q[]

\hbox(8.49002+2.5)x505.0364, glue set - 1.0
.\hbox(0.0+0.0)x12.0
.\tenrm (
.\tenrm g
.\tenrm )
.\glue 3.33333 plus 1.67 minus 1.11
.etc.

512D Theorem
[20.12]
512E Examples
512F 
[21.12]
512G Proposition
512H Simple products (a)
[22.12]
512I Sequential compositions
512J Proposition
[23.12]
512K 
512X Basic exercises (a)
[24.12]
Underfull \hbox (badness 2828) in paragraph at lines 697--697
[]\tenbf (h) \tenrm Let $(\teni A[]; R[]; B[]\tenrm )$, $(\teni A[]; R[]; B[]\t
enrm )$, $(\teni C[]; S[]; D[]\tenrm )$ and $(\teni C[]; S[]; D[]\tenrm )$ be s
up-ported re-la-tions such that 

\hbox(7.5+2.5)x505.0364, glue set 3.04895
.\hbox(0.0+0.0)x12.0
.\tenbf (
.\tenbf h
.\tenbf )
.\glue 3.33333 plus 1.67 minus 1.11
.etc.

512 Notes and comments
) (./mt513.tex
Version of 23.2.14
513A 
[25.12]
513B Theorem
513C Cofinalities of cardinal {functions}
[26.12]
513D 
513E Theorem
[27.12]
513F Theorem
[28.12]
513G 
513H Definition
513I Proposition
[29.12]
*513J Cofinalities of {products}
[30.12]
*513K 
*513L Proposition
[31.12] [32.12]
*513M Proposition
*513N Lemma
*513O Theorem
[33.12]
513P 
513X Basic exercises (a)
[34.12]
513Y Further exercises (a)
513 Notes and comments
) (./mt514.tex
Version of 16.5.14
[35.12]
514A 
514B Stone {spaces}
[36.12]
514C 
514D Theorem
[37.12] [38.12]
514E Subalgebras, homomorphic images, products: Theorem
[39.12] [40.12]
514F 
[41.12]
514G Order-preserving functions of Boolean algebras (a)

Overfull \hbox (0.43768pt too wide) in paragraph at lines 838--839
[]\tenrm We have al-ready seen `Ma-ha-ram- type- ho-mo-ge-neous' al-ge-bras in 
Chap-ter 33. I men-tion \tenbf cellularity-homogeneous

\hbox(6.94444+1.94444)x505.0364, glue set - 1.0
.\hbox(0.0+0.0)x12.0
.\tenrm W
.\kern-0.83334
.\tenrm e
.\glue 3.33333 plus 1.67 minus 1.11
.etc.

514H Regular open algebras: Proposition
[42.12]
514I Category algebras
[43.12]
514J 
514K 
[44.12]
514L The regular open algebra of a pre-ordered {set}
514M 
[45.12]
514N Proposition
[46.12] [47.12]
514O 
514P Corollary
514Q Proposition
[48.12]
514R Corollary
514S Proposition
[49.12]
514T Finite-support {products}
514U Proposition
[50.12]
Overfull \hbox (1.4507pt too wide) in paragraph at lines 1915--1919
[]\tenrm (c) If $\teni Q[] \tensy ^^R \teni P[]$ \tenrm is co-fi-nal for each $
\teni i \tensy 2 \teni I$\tenrm , then $[][] [][] \teni Q[]$ \tenrm is co-fi-na
l with $\teni P$\tenrm . So $[] \teni P \tensy ^^T []\tenrm (\teni !; \tenrm #(
\teni I\tenrm )\teni ; [][] [] P[]\tenrm )$. 

\hbox(7.50006+4.75005)x505.0364, glue set - 1.0
.\hbox(0.0+0.0)x12.0
.\tenrm (
.\tenrm c
.\tenrm )
.\glue 3.33333 plus 1.67 minus 1.11
.etc.

514X Basic exercises (a)
[51.12]
514Y Further exercises (a)
[52.12]
514 Notes and comments
[53.12]) (./mt515.tex
Version of 29.8.14
515A Definition
515B Lemma
[54.12]
515C Proposition
515D Lemma
515E Lemma
[55.12]
515F Lemma
515G Lemma
515H The Balcar-Fran{\accent 20 e}k theorem
[56.12] [57.12]
515I Corollary
515J Corollary
515K 
[58.12]
515L Theorem
515M Corollary
[59.12]
515N 
515X Basic exercises (a)
515Y Further exercises (a)
515 Notes and comments
[60.12]) (./mt516.tex
Version of 9.10.14
516A \relax \tenbf Definition
516B Elementary remarks
516C Theorem
[61.12]
516D Corollary
516E Remark
516F 
516G Corollary
516H Corollary
516I Corollary
[62.12]
516J 
516K 
[63.12]
516L Corollary
516M 
516N Corollary
516O 
[64.12]
516P Corollary
516Q 
[65.12]
516R 
516S 
516T 
[66.12]
516U 
516X Basic exercises (a)
[67.12]
516 Notes and comments
) (./mt517.tex
Version of 14.11.14
517A Proposition
517B Lemma
[68.12]
517C Lemma
517D Proposition
[69.12]
517E Corollary
517F Proposition
517G Corollary
[70.12]
517H Proposition
517I Proposition
517J Proposition
[71.12]
517K Corollary
517L 
517M 

Overfull \hbox (0.77858pt too wide) in paragraph at lines 597--601
\tenbf Proposition \tenrm Let $\teni X$ \tenrm be any topo-log-i-cal space. The
n the Nov^^Sak num-ber $\teni n\tenrm (\teni X\tenrm )$ of $\teni X$ \tenrm (5A
4Af) is at most $[]\tensy f\teneufm m\tenrm ([](\teni G\tenrm )) :

\hbox(7.5+2.5)x505.0364, glue set - 1.0
.\tenbf P
.\tenbf r
.\tenbf o
.\tenbf p
.\kern0.31944
.etc.

[72.12]
517N Corollary
517O Martin cardinals (a)
[73.12]
Overfull \hbox (1.36032pt too wide) in paragraph at lines 767--767
[] \tenbf (iii) \tenrm If $\teni P$ \tenrm is $\teni ^^[$\tenrm -linked up-ward
s, it sat-is-fies Knaster's con-di-tion up-wards. (As $\teni ![] > []\tenrm (\t
eni !; !; [][]\tenrm (\teni P\tenrm ))$, $(\teni ![]; ![]; []\tenrm 3)$

\hbox(9.33334+2.5)x505.0364, glue set - 1.0
.\hbox(0.0+0.0)x12.0
.\glue 10.00002
.\tenbf (
.\tenbf i
.\tenbf i
.etc.

517P 
[74.12] [75.12]
517Q Lemma
517R Proposition
[76.12]
517S Proposition
517X Basic exercises (a)
[77.12]
517Y Further exercises (a)
517 Notes and comments
) (./mt518.tex
Version of 24.12.14
518A Proposition
[78.12]
518B Proposition
518C Corollary
518D Corollary
[79.12]
518E 
518F Lemma
[80.12]
518G Lemma
518H Lemma
[81.12]
518I Theorem
[82.12]
518J Lemma
[83.12]
518K Theorem
518L 
[84.12]
518M Theorem
518N Definition
518O Lemma
518P Lemma
[85.12] [86.12]
518Q Corollary
518R Lemma
[87.12]
518S Theorem
518X Basic exercises (a)
[88.12]
518Y Further exercises (a)
518 Notes and comments
) [89.12] (./mt52.tex
Version of 7.10.13
) (./mt521.tex
Version of 3.3.14
521A Proposition
[90.12]
521B Proposition

Underfull \hbox (badness 10000) in paragraph at lines 158--159


\hbox(0.0+0.0)x505.0364
.\glue(\rightskip) 0.0

[91.12]
521C 
521D Proposition
[92.12]
521E 
[93.12]
521F Proposition
521G Proposition
[94.12]
521H Proposition
[95.12]
521I Corollary
521J 
[96.12] [97.12]
521K 
521L Proposition
[98.12]
521M Proposition
521N Proposition
521O Proposition
[99.12]
521P Proposition
521Q Free {products}
[100.12]
521R Proposition
521S Proposition
[101.12]
521T 
521X Basic exercises (a)
[102.12]
521Y Further exercises (a)
[103.12]
521 Notes and comments
) (./mt522.tex
Version of 31.3.10
522A Notation
[104.12]
522B Cicho{\accent 19 n}'s diagram
522C Lemma
[105.12]
522D Proposition
522E Proposition
522F Proposition
522G Proposition
522H Proposition
[106.12]
522I Proposition
522J Theorem
[107.12]
522K Localization
[108.12]
*522L Lemma
522M Proposition
[109.12]
522N Lemma
522O Proposition
[110.12]
522P Corollary
522Q Theorem
522R The exactness of Cicho{\accent 19 n}'s diagram
522S The cardinal {$\mathop {\relax \unhbox \voidb@x \hbox {cov}}\relax \errhel
p \defaulthelp@ \errmessage {AmS-TeX error: \Cal allowed only in math mode}M$}
[111.12]
522T Martin numbers

Underfull \vbox (badness 10000) has occurred while \output is active
\vbox(668.63976+1.94444)x505.0364, glue set 5.25638
.\glue(\topskip) 2.49994
.\hbox(7.50006+3.52977)x505.0364, glue set 0.54242
..\hbox(0.0+0.0)x12.0
..\tenrm N
..\tenrm o
..\kern-0.27779
..\tenrm w
..etc.
.\penalty 150
.\glue(\lineskip) 1.0
.\hbox(7.5+2.86108)x505.0364, glue set 0.24437
..\tenrm s
..\tenrm u
..\tenrm c
..\kern-0.27779
..\tenrm h
..etc.
.etc.

 [112.12]
[113.12]
*522U {FN($\relax \errhelp \defaulthelp@ \errmessage {AmS-TeX error: \Cal allow
ed only in math mode}P\relax \errhelp \defaulthelp@ \errmessage {AmS-TeX error:
 \Bbb allowed only in math mode}N$)}
[114.12] [115.12]
522V {Cofinalities}
[116.12] [117.12]
522W Other spaces
522X Basic exercises $\relax \unhbox \voidb@x \setbox \z@ \hbox {>}\dimen@ -\wd
 \z@ \kern -.5\ex@ \copy \z@ \kern \dimen@ \kern .25\ex@ \raise .4\ex@ \copy \z
@ \kern \dimen@ \kern .25\ex@ \box \z@ $(a)
[118.12]
522Y Further exercises (a)
522 Notes and comments
[119.12] [120.12]) (./mt523.tex
Version of 23.6.10
523A Notation
523B The basic diagram
523C 
523D 
[121.12]
523E Additivities
523F Covering numbers
523G 
523H {Uniformities}
[122.12]
523I Theorem
[123.12]
523J Corollary
523K Corollary
523L 
[124.12]
523M Shrinking {numbers}
[125.12]
523N {Cofinalities}
523O Cofinalities of the cardinals
523P The generalized continuum {hypothesis}
[126.12]
523X Basic exercises (a)
523Y Further exercises (a)
[127.12]
523Z Problem
523 Notes and comments
) (./mt524.tex
Version of 29.9.10/10.9.13
524A Notation
524B Proposition
[128.12]
524C Lemma
[129.12]
524D Proposition
524E Proposition
[130.12]
524F Lemma
524G Proposition
[131.12]
524H Corollary
[132.12]
524I Corollary
524J Theorem
[133.12]
524K Corollary
524L 
[134.12] [135.12]
524M \relax \tenbf Theorem
[136.12] [137.12]
524N Corollary (a)
[138.12]
524O Freese-Nation {numbers}
524P The Maharam {classification}
[139.12] [140.12]
*524Q 
[141.12]
524R 
[142.12]
524S 
524T Corollary
[143.12]
524X Basic exercises (a)
524Y Further exercises (a)
[144.12]
524Z Problems (a)
524 Notes and comments
) (./mt525.tex
Version of 11.9.13
525A Notation
525B Proposition
525C Theorem
[145.12]
525D Proposition
525E Proposition
[146.12]
525F Proposition
525G 
[147.12]
525H The structure of $\relax \errhelp \defaulthelp@ \errmessage {AmS-TeX error
: \frak allowed only in math mode}B_I$
525I Theorem
525J Corollary
525K Proposition
[148.12]
525L 
525M Proposition
[149.12]
525N Proposition
525O 
*525P 
525Q 
525R Lemma
[150.12]
525S Theorem
[151.12] [152.12]
525T Corollary
525X Basic exercises (a)
[153.12]
525Z Problem
525 Notes and comments
) (./mt526.tex
Version of 24.1.14
526A Proposition
[154.12]
526B Proposition
526C 
[155.12] [156.12]
526D Lemma
526E Lemma
526F Theorem
[157.12]
526G Corollary
[158.12]
526H 
[159.12] [160.12]
526I 
[161.12]
526J Proposition
526K Proposition
526L Proposition
[162.12] [163.12] [164.12]
526M 
526X Basic exercises (a)
[165.12]
526Y Further exercises (a)
526 Notes and comments
) (./mt527.tex
Version of 10.1.10
[166.12]
527A Notation
527B Skew products of ideals
527C 
[167.12]
527D 
527E Corollary
527F 
[168.12] [169.12]
527G Theorem
[170.12]
527H Corollary
527I 
527J Theorem
[171.12] [172.12] [173.12]
527K Corollary
527L 
527M 
527N Lemma
[174.12] [175.12]
527O Theorem
[176.12]
527X Basic exercises $\relax \unhbox \voidb@x \setbox \z@ \hbox {>}\dimen@ -\wd
 \z@ \kern -.5\ex@ \copy \z@ \kern \dimen@ \kern .25\ex@ \raise .4\ex@ \copy \z
@ \kern \dimen@ \kern .25\ex@ \box \z@ $(a)
527Y Further exercises (a)
[177.12]
527 Notes and comments
) (./mt528.tex
Version of 10.2.11/11.2.11
528A Amoeba algebras
528B 
[178.12]
528C Proposition
528D Proposition
[179.12]
528E Lemma
528F Proposition
[180.12] [181.12]
528G Proposition
[182.12]
528H Proposition
[183.12] [184.12] [185.12]
528I Definition
528J Proposition
[186.12] [187.12]
528K Theorem
528L 
528M Lemma
[188.12] [189.12]
528N Theorem
528O Corollary
528P Proposition
[190.12] [191.12]
528Q Proposition
528R Theorem
[192.12]
528S 
528T Lemma
[193.12] [194.12] [195.12]
528U Lemma
[196.12] [197.12]
528V Theorem
[198.12]
Overfull \hbox (2.5601pt too wide) in paragraph at lines 2774--2774
[] \tenbf (ii) \tenrm Now 528Fb tells us that we have a se-quence $\tensy h\ten
i ^^Y[]\tensy i[]$ \tenrm such that $\teni ^^Y[]$ \tenrm is a reg-u-lar em-bed-
ding of $[](\teneufm A[]\teni ; [][] \teneufm A[]\teni ; ^^M\tenrm )$

\hbox(7.5+3.68103)x505.0364, glue set - 1.0
.\hbox(0.0+0.0)x12.0
.\glue 10.00002
.\tenbf (
.\tenbf i
.\tenbf i
.etc.

528X Basic exercises (a)
[199.12]
528Y Further exercises (a)
528Z Problems (a)
528 Notes and comments
) (./mt529.tex
Version of 26.5.11
529A Notation
529B Proposition
[200.12]
529C Theorem
[201.12] [202.12]
529D Theorem
[203.12]
529E Proposition
[204.12]
529F Corollary
529G Reaping numbers
529H Proposition
[205.12]
529X Basic exercises (a)
[206.12]
529Y Further exercises (a)
529 Notes and comments
) [207.12] (./mt53.tex
Version of 30.8.14
) (./mt531.tex
Version of 19.2.11/24.2.11
531A Proposition
[208.12]
531B 
531C Lemma
[209.12]
531D Definition
531E Proposition
[210.12]
531F Proposition
531G Proposition
[211.12]
531H Remarks
[212.12]
531I Notation
531J Lemma
531K Lemma
[213.12]
531L Theorem
531M Proposition
[214.12]
531N 
[215.12]
531O 
[216.12]
531P 
[217.12] [218.12]
531Q 
[219.12] [220.12] [221.12]
531R 
[222.12]
531S 
[223.12]
531T Theorem
531X Basic exercises (a)
[224.12]
531Y Further exercises (a)
531Z Problems (a)
531 Notes and comments
[225.12]) (./mt532.tex
Version of 1.6.13
532A Definition
532B Proposition
[226.12]
532C Remarks
532D Theorem
[227.12] [228.12]
532E Corollary
532F Corollary
532G Proposition
532H Lemma
[229.12]
532I 
[230.12]
532J Corollary
532K Corollary
532L Corollary
532M 
[231.12]
532N 
[232.12]
532O Proposition
532P Proposition

Overfull \hbox (2.9729pt too wide) in paragraph at lines 982--983
[]\tenbf (d) \tenrm As $\teni a$ \tenrm is ar-bi-trary, (c) shows that $\tensy 
h\teni b[]\tensy i[]$ \tenrm sat-is-fies the con-di-tions of 532I(iii), so that
 $\teni !$ \tenrm be-longs to $[][](\tensy f\tenrm 0\teni ; \tenrm 1\tensy g[]\
tenrm )$,

\hbox(7.5+2.86108)x505.0364, glue set - 1.0
.\hbox(0.0+0.0)x12.0
.\tenbf (
.\tenbf d
.\tenbf )
.\glue 3.33333 plus 1.67 minus 1.11
.etc.

532Q Proposition
[233.12]
532R 
532S Proposition
[234.12]
532X Basic exercises (a)
532Y Further exercises (a)
532Z Problems (a)
532 Notes and comments
[235.12]) (./mt533.tex
Version of 4.1.14
533A Lemma
533B Corollary
533C Proposition
[236.12]
533D Proposition
533E Corollary
[237.12]
533F Definition
533G Lemma
[238.12]
533H Theorem
[239.12]
533I 
533J Theorem
[240.12] [241.12]
533X Basic exercises (a)
533Y Further exercises (a)
[242.12]
533Z Problem
533 Notes and comments
) (./mt534.tex
Version of 21.11.05/1.8.10
534A 
534B Hausdorff {measures}
[243.12] [244.12]
534C Strong measure zero
[245.12]
534D Proposition
[246.12]
534E Rothberger's property
534F Proposition
534G Corollary
534H Theorem
[247.12] [248.12]
534I Proposition
[249.12]
534J Proposition
[250.12]
534K Corollary
534L $\relax \errhelp \defaulthelp@ \errmessage {AmS-TeX error: \Cal allowed on
ly in math mode}{S}\relax \errhelp \defaulthelp@ \errmessage {AmS-TeX error: \e
urm allowed only in math mode}{mz}$-equivalence (a)
534M Lemma
534N Proposition
[251.12] [252.12]
534O Large sets with strong measure {zero}
[253.12]
534P 
[254.12]
534X Basic exercises (a)
534Y Further exercises (a)
[255.12]
534Z Problems (a)
534 Notes and comments
[256.12]) (./mt535.tex
Version of 1.6.11
535A Notation (a)
[257.12]
535B Proposition
535C Proposition
[258.12]
535D 
535E Proposition
535F 
[259.12]
535G Corollary
535H 
[260.12] [261.12]
535I Corollary
535J 
535K Lemma
[262.12]
535L Lemma
[263.12]
535M Lemma
535N Theorem
[264.12]
535O Linear liftings
[265.12]
535P 
535Q Proposition
535R Proposition
[266.12]
535X Basic exercises (a)
[267.12]
535Y Further exercises (a)
535Z Problems (a)
535 Notes and comments
[268.12]) (./mt536.tex
Version of 20.2.12
536A The problem
536B Known cases
536C Proposition
[269.12]
536D Theorem
[270.12] [271.12]
536X Basic exercises (a)
[272.12]
536Y Further exercises (a)
536 Notes and comments
) (./mt537.tex
Version of 12.8.13
537A Definitions (a)
537B Proposition
[273.12]
537C Entangled sets (a) Definition
537D Lemma
537E Lemma
[274.12]
537F Corollary
537G Theorem
[275.12]
537H Scalarly measurable functions (a) Definition
537I Proposition
[276.12] [277.12]
537J Corollary
537K 
[278.12] [279.12]
Overfull \hbox (1.87941pt too wide) in paragraph at lines 859--859
[]\tenbf (c) \tenrm Now the point of the con-struc-tion is that we can find a $
[] = (\teni t[]; []  ; t[]\tenrm ) \tensy 2 \teni Z$ \tenrm such that $\teni t[
] [] W[]\tenrm (\teni t[]; []  ; t[]; t[];

\hbox(7.51782+2.5)x505.0364, glue set - 1.0
.\hbox(0.0+0.0)x12.0
.\tenbf (
.\tenbf c
.\tenbf )
.\glue 3.33333 plus 1.67 minus 1.11
.etc.

537L Corollary
537M 
537N 
[280.12] [281.12]
537O Corollary
537P Corollary
[282.12]
537Q 
[283.12]
537R Lemma
537S Proposition
[284.12] [285.12]
537X Basic exercises (a)
537Z Problems (a)
537 Notes and comments
[286.12]) (./mt538.tex
Version of 18.2.14
538A {Filters}
[287.12]
538B 
538C Lemma
[288.12]
538D Finite products of filters (a)
538E 
[289.12] [290.12]
538F Ramsey {filters}
[291.12] [292.12]
538G Measure-centering filters: Theorem
[293.12]
538H Proposition
[294.12]
538I Theorem
[295.12]
538J Proposition
[296.12]
538K 
[297.12]

[298.12]
538L Theorem
[299.12]
538M Benedikt's theorem
[300.12]
538N Measure-converging filters: Proposition

Overfull \hbox (2.5314pt too wide) in paragraph at lines 2189--2189
[] \tenbf (iii)$\tensy )$\tenbf (iv) \tenrm As-sum-ing (iii), let $\teni ^^V$ \
tenrm and $\tensy h\teni E[]\tensy i[]$ \tenrm be as in (iv). Set $\teni f[] \t
enrm = \teni ^^_\tenrm (\tensy P\eightmsb N \tensy n \teni E[]\tenrm )$ for eac
h $\teni n$\tenrm ; then $[][] [] \teni f[]d^^V \tenrm =

\hbox(8.0556+3.05562)x505.0364, glue set - 1.0
.\hbox(0.0+0.0)x12.0
.\glue 10.00002
.\tenbf (
.\tenbf i
.\tenbf i
.etc.

[301.12] [302.12]
538O The Fatou property: Proposition
[303.12] [304.12]
538P Theorem
[305.12] [306.12]
538Q Definition
538R Proposition
[307.12] [308.12] [309.12] [310.12]
538S Theorem
[311.12] [312.12]
538X Basic exercises (a)
[313.12]
538Y Further exercises (a)
[314.12] [315.12]
538Z Problem
538 Notes and comments
[316.12]) (./mt539.tex
Version of 24.5.14
539A The story so far
[317.12]
539B Proposition
539C Theorem
[318.12]
539D Corollary
[319.12]
539E Proposition
[320.12]
539F Definition
539G Proposition
539H Corollary
[321.12]
539I Corollary
539J Theorem
[322.12]
539K 
539L 
[323.12]
539M Lemma
539N Theorem
539O Corollary
[324.12]
539P 
[325.12]
539Q Reflection principles 
539R Exhaustivity {rank}
539S Elementary facts
[326.12]
539T The rank of a Maharam algebra
539U Theorem
[327.12]
539X Basic exercises (a)
539Y Further exercises (a)
539Z Problems (a)
[328.12]
539 Notes and comments
) (./mt5Iconc.tex
Version of 10.1.15
5{}21Q, 5{}21S Measurable additive functionals
)
0queries
[329.12] )
Output written on vol5I.dvi (329 pages, 2446400 bytes).
